#
# A fatal error has been detected by the Java Runtime Environment:
#
#  EXCEPTION_ACCESS_VIOLATION (0xc0000005) at pc=0x0000000000000000, pid=5940, tid=1236
#
# JRE version: Java(TM) SE Runtime Environment (8.0_31-b13) (build 1.8.0_31-b13)
# Java VM: Java HotSpot(TM) 64-Bit Server VM (25.31-b07 mixed mode windows-amd64 compressed oops)
# Problematic frame:
# C  0x0000000000000000
#
# Failed to write core dump. Minidumps are not enabled by default on client versions of Windows
#
# If you would like to submit a bug report, please visit:
#   http://bugreport.java.com/bugreport/crash.jsp
#

---------------  T H R E A D  ---------------

Current thread (0x000000001978b000):  JavaThread "RMI TCP Connection(4)-192.168.63.1" daemon [_thread_in_Java, id=1236, stack(0x000000001a9e0000,0x000000001aae0000)]

siginfo: ExceptionCode=0xc0000005, ExceptionInformation=0x0000000000000008 0x0000000000000000

Registers:
RAX=0x0000000002fd77b0, RBX=0x0000000017814f90, RCX=0x000000001786f270, RDX=0x0000000002fd77b0
RSP=0x000000001aadd260, RBP=0x000000001aadd2d8, RSI=0x0000000000000006, RDI=0x0000000000000000
R8 =0x0000000000000000, R9 =0x0000000080066d18, R10=0x00000000649262c0, R11=0x000000001aadd250
R12=0x0000000000000000, R13=0x000000001aadd260, R14=0x000000001aadd320, R15=0x000000001978b000
RIP=0x0000000000000000, EFLAGS=0x0000000000010206

Top of Stack: (sp=0x000000001aadd260)
0x000000001aadd260:   0000000002fd77b0 0000000080011f38
0x000000001aadd270:   00000000d59b6928 0000000080011f88
0x000000001aadd280:   0000000080011f60 00000000d59b6968
0x000000001aadd290:   00000000d59b69b0 000000001aadd298
0x000000001aadd2a0:   000000001786f1f4 000000001aadd320
0x000000001aadd2b0:   000000001786f270 0000000000000000
0x000000001aadd2c0:   000000001786f200 000000001aadd260
0x000000001aadd2d0:   000000001aadd2f0 000000001aadd368
0x000000001aadd2e0:   0000000002fd77b0 00000000800b1c90
0x000000001aadd2f0:   0000000080011f38 00000000d59b6928
0x000000001aadd300:   0000000080011f88 0000000080011f60
0x000000001aadd310:   00000000d59b6968 00000000d59b69b0
0x000000001aadd320:   00000000800b1e10 000000001aadd328
0x000000001aadd330:   00000000178a61a3 000000001aadd380
0x000000001aadd340:   00000000178a6220 0000000000000000
0x000000001aadd350:   00000000178a61b0 000000001aadd2f0 

Instructions: (pc=0x0000000000000000)
0xffffffffffffffe0:   


Register to memory mapping:

RAX=0x0000000002fd77b0 is at code_begin+1456 in an Interpreter codelet
invoke return entry points  [0x0000000002fd7200, 0x0000000002fd7b00]  2304 bytes
RBX=0x0000000017814f90 is pointing into metadata
RCX=0x000000001786f270 is pointing into metadata
RDX=0x0000000002fd77b0 is at code_begin+1456 in an Interpreter codelet
invoke return entry points  [0x0000000002fd7200, 0x0000000002fd7b00]  2304 bytes
RSP=0x000000001aadd260 is pointing into the stack for thread: 0x000000001978b000
RBP=0x000000001aadd2d8 is pointing into the stack for thread: 0x000000001978b000
RSI=0x0000000000000006 is an unknown value
RDI=0x0000000000000000 is an unknown value
R8 =0x0000000000000000 is an unknown value
R9 =0x0000000080066d18 is an oop
java.lang.Class 
 - klass: 'java/lang/Class'
R10=0x00000000649262c0 is an unknown value
R11=0x000000001aadd250 is pointing into the stack for thread: 0x000000001978b000
R12=0x0000000000000000 is an unknown value
R13=0x000000001aadd260 is pointing into the stack for thread: 0x000000001978b000
R14=0x000000001aadd320 is pointing into the stack for thread: 0x000000001978b000
R15=0x000000001978b000 is a thread


Stack: [0x000000001a9e0000,0x000000001aae0000],  sp=0x000000001aadd260,  free space=1012k
Native frames: (J=compiled Java code, j=interpreted, Vv=VM code, C=native code)


---------------  P R O C E S S  ---------------

Java Threads: ( => current thread )
  0x000000001b8e3800 JavaThread "*** Profiler Agent Special Execution Thread 8" daemon [_thread_blocked, id=7924, stack(0x000000001abe0000,0x000000001ace0000)]
=>0x000000001978b000 JavaThread "RMI TCP Connection(4)-192.168.63.1" daemon [_thread_in_Java, id=1236, stack(0x000000001a9e0000,0x000000001aae0000)]
  0x0000000019c4b000 JavaThread "*** Profiler Agent Special Execution Thread 6" daemon [_thread_blocked, id=3536, stack(0x000000001aee0000,0x000000001afe0000)]
  0x0000000019c4a800 JavaThread "*** JFluid Monitor thread ***" daemon [_thread_blocked, id=6904, stack(0x000000001ade0000,0x000000001aee0000)]
  0x0000000019c9f000 JavaThread "*** Profiler Agent Communication Thread" daemon [_thread_blocked, id=9976, stack(0x000000001ace0000,0x000000001ade0000)]
  0x0000000019752800 JavaThread "JMX server connection timeout 14" daemon [_thread_blocked, id=5800, stack(0x000000001a8e0000,0x000000001a9e0000)]
  0x00000000195ce800 JavaThread "RMI Scheduler(0)" daemon [_thread_blocked, id=6460, stack(0x000000001a7e0000,0x000000001a8e0000)]
  0x0000000019bff800 JavaThread "RMI TCP Connection(1)-192.168.63.1" daemon [_thread_blocked, id=9180, stack(0x000000001a6e0000,0x000000001a7e0000)]
  0x0000000019796000 JavaThread "RMI TCP Accept-0" daemon [_thread_in_native, id=9112, stack(0x000000001a240000,0x000000001a340000)]
  0x0000000019465800 JavaThread "Service Thread" daemon [_thread_blocked, id=6216, stack(0x0000000019840000,0x0000000019940000)]
  0x0000000017c08000 JavaThread "C1 CompilerThread2" daemon [_thread_blocked, id=5616, stack(0x0000000019340000,0x0000000019440000)]
  0x0000000017bf1000 JavaThread "C2 CompilerThread1" daemon [_thread_blocked, id=9412, stack(0x0000000019240000,0x0000000019340000)]
  0x0000000017beb800 JavaThread "C2 CompilerThread0" daemon [_thread_blocked, id=9804, stack(0x0000000019140000,0x0000000019240000)]
  0x0000000017bea000 JavaThread "Attach Listener" daemon [_thread_blocked, id=5204, stack(0x0000000019040000,0x0000000019140000)]
  0x0000000017be8000 JavaThread "Signal Dispatcher" daemon [_thread_blocked, id=6844, stack(0x0000000018f40000,0x0000000019040000)]
  0x0000000002fc1800 JavaThread "Finalizer" daemon [_thread_blocked, id=9072, stack(0x0000000018e40000,0x0000000018f40000)]
  0x0000000017bb7800 JavaThread "Reference Handler" daemon [_thread_blocked, id=5980, stack(0x0000000018d40000,0x0000000018e40000)]
  0x0000000002ed0800 JavaThread "main" [_thread_blocked, id=1168, stack(0x0000000002dd0000,0x0000000002ed0000)]

Other Threads:
  0x0000000017bb6800 VMThread [stack: 0x0000000018c40000,0x0000000018d40000] [id=6324]
  0x0000000019469800 WatcherThread [stack: 0x0000000019940000,0x0000000019a40000] [id=9096]

VM state:synchronizing (normal execution)

VM Mutex/Monitor currently owned by a thread:  ([mutex/lock_event])
[0x0000000002cdb9e0] Safepoint_lock - owner thread: 0x0000000017bb6800
[0x0000000002cdbb60] Threads_lock - owner thread: 0x0000000017bb6800

Heap:
 PSYoungGen      total 25088K, used 4848K [0x00000000d5580000, 0x00000000d7180000, 0x0000000100000000)
  eden space 22528K, 21% used [0x00000000d5580000,0x00000000d5a3c090,0x00000000d6b80000)
  from space 2560K, 0% used [0x00000000d6b80000,0x00000000d6b80000,0x00000000d6e00000)
  to   space 3072K, 0% used [0x00000000d6e80000,0x00000000d6e80000,0x00000000d7180000)
 ParOldGen       total 38912K, used 4713K [0x0000000080000000, 0x0000000082600000, 0x00000000d5580000)
  object space 38912K, 12% used [0x0000000080000000,0x000000008049a7a0,0x0000000082600000)
 Metaspace       used 21054K, capacity 21486K, committed 21808K, reserved 1069056K
  class space    used 1703K, capacity 1844K, committed 1920K, reserved 1048576K

Card table byte_map: [0x0000000012390000,0x00000000127a0000] byte_map_base: 0x0000000011f90000

Marking Bits: (ParMarkBitMap*) 0x000000006493d4f0
 Begin Bits: [0x0000000012e50000, 0x0000000014e50000)
 End Bits:   [0x0000000014e50000, 0x0000000016e50000)

Polling page: 0x0000000001680000

CodeCache: size=245760Kb used=5404Kb max_used=5404Kb free=240355Kb
 bounds [0x0000000002fd0000, 0x0000000003530000, 0x0000000011fd0000]
 total_blobs=1690 nmethods=1339 adapters=266
 compilation: enabled

Compilation events (10 events):
Event: 295.944 Thread 0x0000000017c08000 2226       3       org.netbeans.lib.profiler.server.Monitors$SurvGenAndThreadsMonitor::updateSurvGenData (104 bytes)
Event: 295.945 Thread 0x0000000017c08000 nmethod 2226 0x0000000003518490 code [0x00000000035186e0, 0x00000000035197f8]
Event: 295.945 Thread 0x0000000017c08000 2225       3       java.io.OutputStreamWriter::flushBuffer (8 bytes)
Event: 295.945 Thread 0x0000000017c08000 nmethod 2225 0x000000000351a190 code [0x000000000351a300, 0x000000000351a488]
Event: 295.945 Thread 0x0000000017c08000 2223       3       java.nio.Buffer::<init> (153 bytes)
Event: 295.947 Thread 0x0000000017c08000 nmethod 2223 0x000000000351a550 code [0x000000000351a880, 0x000000000351bee8]
Event: 295.947 Thread 0x0000000017c08000 2227       3       sun.nio.cs.SingleByte$Encoder::encodeArrayLoop (244 bytes)
Event: 295.948 Thread 0x0000000017c08000 nmethod 2227 0x000000000351c990 code [0x000000000351cd40, 0x000000000351ee38]
Event: 296.300 Thread 0x0000000017c08000 2228       1       java.net.AbstractPlainSocketImpl::getTimeout (5 bytes)
Event: 296.300 Thread 0x0000000017c08000 nmethod 2228 0x00000000034e9990 code [0x00000000034e9ae0, 0x00000000034e9bf0]

GC Heap History (10 events):
Event: 279.713 GC heap before
{Heap before GC invocations=40 (full 0):
 PSYoungGen      total 25600K, used 24160K [0x00000000d5580000, 0x00000000d7000000, 0x0000000100000000)
  eden space 24064K, 100% used [0x00000000d5580000,0x00000000d6d00000,0x00000000d6d00000)
  from space 1536K, 6% used [0x00000000d6d00000,0x00000000d6d18000,0x00000000d6e80000)
  to   space 1536K, 0% used [0x00000000d6e80000,0x00000000d6e80000,0x00000000d7000000)
 ParOldGen       total 87552K, used 4161K [0x0000000080000000, 0x0000000085580000, 0x00000000d5580000)
  object space 87552K, 4% used [0x0000000080000000,0x0000000080410658,0x0000000085580000)
 Metaspace       used 9656K, capacity 9988K, committed 10240K, reserved 1058816K
  class space    used 1122K, capacity 1231K, committed 1280K, reserved 1048576K
Event: 279.714 GC heap after
Heap after GC invocations=40 (full 0):
 PSYoungGen      total 24576K, used 96K [0x00000000d5580000, 0x00000000d6f00000, 0x0000000100000000)
  eden space 24064K, 0% used [0x00000000d5580000,0x00000000d5580000,0x00000000d6d00000)
  from space 512K, 18% used [0x00000000d6e80000,0x00000000d6e98000,0x00000000d6f00000)
  to   space 1024K, 0% used [0x00000000d6d00000,0x00000000d6d00000,0x00000000d6e00000)
 ParOldGen       total 87552K, used 4185K [0x0000000080000000, 0x0000000085580000, 0x00000000d5580000)
  object space 87552K, 4% used [0x0000000080000000,0x0000000080416658,0x0000000085580000)
 Metaspace       used 9656K, capacity 9988K, committed 10240K, reserved 1058816K
  class space    used 1122K, capacity 1231K, committed 1280K, reserved 1048576K
}
Event: 286.363 GC heap before
{Heap before GC invocations=41 (full 0):
 PSYoungGen      total 24576K, used 24160K [0x00000000d5580000, 0x00000000d6f00000, 0x0000000100000000)
  eden space 24064K, 100% used [0x00000000d5580000,0x00000000d6d00000,0x00000000d6d00000)
  from space 512K, 18% used [0x00000000d6e80000,0x00000000d6e98000,0x00000000d6f00000)
  to   space 1024K, 0% used [0x00000000d6d00000,0x00000000d6d00000,0x00000000d6e00000)
 ParOldGen       total 87552K, used 4185K [0x0000000080000000, 0x0000000085580000, 0x00000000d5580000)
  object space 87552K, 4% used [0x0000000080000000,0x0000000080416658,0x0000000085580000)
 Metaspace       used 9666K, capacity 9988K, committed 10240K, reserved 1058816K
  class space    used 1122K, capacity 1231K, committed 1280K, reserved 1048576K
Event: 286.364 GC heap after
Heap after GC invocations=41 (full 0):
 PSYoungGen      total 25088K, used 96K [0x00000000d5580000, 0x00000000d6f00000, 0x0000000100000000)
  eden space 24064K, 0% used [0x00000000d5580000,0x00000000d5580000,0x00000000d6d00000)
  from space 1024K, 9% used [0x00000000d6d00000,0x00000000d6d18000,0x00000000d6e00000)
  to   space 1024K, 0% used [0x00000000d6e00000,0x00000000d6e00000,0x00000000d6f00000)
 ParOldGen       total 87552K, used 4209K [0x0000000080000000, 0x0000000085580000, 0x00000000d5580000)
  object space 87552K, 4% used [0x0000000080000000,0x000000008041c658,0x0000000085580000)
 Metaspace       used 9666K, capacity 9988K, committed 10240K, reserved 1058816K
  class space    used 1122K, capacity 1231K, committed 1280K, reserved 1048576K
}
Event: 291.191 GC heap before
{Heap before GC invocations=42 (full 0):
 PSYoungGen      total 25088K, used 24160K [0x00000000d5580000, 0x00000000d6f00000, 0x0000000100000000)
  eden space 24064K, 100% used [0x00000000d5580000,0x00000000d6d00000,0x00000000d6d00000)
  from space 1024K, 9% used [0x00000000d6d00000,0x00000000d6d18000,0x00000000d6e00000)
  to   space 1024K, 0% used [0x00000000d6e00000,0x00000000d6e00000,0x00000000d6f00000)
 ParOldGen       total 87552K, used 4209K [0x0000000080000000, 0x0000000085580000, 0x00000000d5580000)
  object space 87552K, 4% used [0x0000000080000000,0x000000008041c658,0x0000000085580000)
 Metaspace       used 10157K, capacity 10532K, committed 10624K, reserved 1058816K
  class space    used 1184K, capacity 1331K, committed 1408K, reserved 1048576K
Event: 291.195 GC heap after
Heap after GC invocations=42 (full 0):
 PSYoungGen      total 23552K, used 999K [0x00000000d5580000, 0x00000000d7200000, 0x0000000100000000)
  eden space 22528K, 0% used [0x00000000d5580000,0x00000000d5580000,0x00000000d6b80000)
  from space 1024K, 97% used [0x00000000d6e00000,0x00000000d6ef9e38,0x00000000d6f00000)
  to   space 2560K, 0% used [0x00000000d6b80000,0x00000000d6b80000,0x00000000d6e00000)
 ParOldGen       total 87552K, used 6827K [0x0000000080000000, 0x0000000085580000, 0x00000000d5580000)
  object space 87552K, 7% used [0x0000000080000000,0x00000000806aaf18,0x0000000085580000)
 Metaspace       used 10157K, capacity 10532K, committed 10624K, reserved 1058816K
  class space    used 1184K, capacity 1331K, committed 1408K, reserved 1048576K
}
Event: 295.453 GC heap before
{Heap before GC invocations=43 (full 0):
 PSYoungGen      total 23552K, used 14301K [0x00000000d5580000, 0x00000000d7200000, 0x0000000100000000)
  eden space 22528K, 59% used [0x00000000d5580000,0x00000000d627d668,0x00000000d6b80000)
  from space 1024K, 97% used [0x00000000d6e00000,0x00000000d6ef9e38,0x00000000d6f00000)
  to   space 2560K, 0% used [0x00000000d6b80000,0x00000000d6b80000,0x00000000d6e00000)
 ParOldGen       total 87552K, used 6827K [0x0000000080000000, 0x0000000085580000, 0x00000000d5580000)
  object space 87552K, 7% used [0x0000000080000000,0x00000000806aaf18,0x0000000085580000)
 Metaspace       used 20795K, capacity 21168K, committed 21296K, reserved 1069056K
  class space    used 1702K, capacity 1845K, committed 1920K, reserved 1048576K
Event: 295.456 GC heap after
Heap after GC invocations=43 (full 0):
 PSYoungGen      total 25088K, used 2538K [0x00000000d5580000, 0x00000000d7180000, 0x0000000100000000)
  eden space 22528K, 0% used [0x00000000d5580000,0x00000000d5580000,0x00000000d6b80000)
  from space 2560K, 99% used [0x00000000d6b80000,0x00000000d6dfaa30,0x00000000d6e00000)
  to   space 3072K, 0% used [0x00000000d6e80000,0x00000000d6e80000,0x00000000d7180000)
 ParOldGen       total 87552K, used 7208K [0x0000000080000000, 0x0000000085580000, 0x00000000d5580000)
  object space 87552K, 8% used [0x0000000080000000,0x000000008070a110,0x0000000085580000)
 Metaspace       used 20795K, capacity 21168K, committed 21296K, reserved 1069056K
  class space    used 1702K, capacity 1845K, committed 1920K, reserved 1048576K
}
Event: 295.456 GC heap before
{Heap before GC invocations=44 (full 1):
 PSYoungGen      total 25088K, used 2538K [0x00000000d5580000, 0x00000000d7180000, 0x0000000100000000)
  eden space 22528K, 0% used [0x00000000d5580000,0x00000000d5580000,0x00000000d6b80000)
  from space 2560K, 99% used [0x00000000d6b80000,0x00000000d6dfaa30,0x00000000d6e00000)
  to   space 3072K, 0% used [0x00000000d6e80000,0x00000000d6e80000,0x00000000d7180000)
 ParOldGen       total 87552K, used 7208K [0x0000000080000000, 0x0000000085580000, 0x00000000d5580000)
  object space 87552K, 8% used [0x0000000080000000,0x000000008070a110,0x0000000085580000)
 Metaspace       used 20795K, capacity 21168K, committed 21296K, reserved 1069056K
  class space    used 1702K, capacity 1845K, committed 1920K, reserved 1048576K
Event: 295.503 GC heap after
Heap after GC invocations=44 (full 1):
 PSYoungGen      total 25088K, used 0K [0x00000000d5580000, 0x00000000d7180000, 0x0000000100000000)
  eden space 22528K, 0% used [0x00000000d5580000,0x00000000d5580000,0x00000000d6b80000)
  from space 2560K, 0% used [0x00000000d6b80000,0x00000000d6b80000,0x00000000d6e00000)
  to   space 3072K, 0% used [0x00000000d6e80000,0x00000000d6e80000,0x00000000d7180000)
 ParOldGen       total 38912K, used 4713K [0x0000000080000000, 0x0000000082600000, 0x00000000d5580000)
  object space 38912K, 12% used [0x0000000080000000,0x000000008049a7a0,0x0000000082600000)
 Metaspace       used 20794K, capacity 21166K, committed 21296K, reserved 1069056K
  class space    used 1701K, capacity 1844K, committed 1920K, reserved 1048576K
}

Deoptimization events (10 events):
Event: 8.926 Thread 0x0000000019c9f000 Uncommon trap: reason=speculate_class_check action=maybe_recompile pc=0x0000000003241034 method=java.nio.charset.CharsetEncoder.encode(Ljava/nio/CharBuffer;Ljava/nio/ByteBuffer;Z)Ljava/nio/charset/CoderResult; @ 57
Event: 8.927 Thread 0x0000000019c9f000 Uncommon trap: reason=class_check action=maybe_recompile pc=0x000000000312db30 method=sun.nio.cs.StreamEncoder.writeBytes()V @ 120
Event: 9.418 Thread 0x0000000019c9f000 Uncommon trap: reason=class_check action=maybe_recompile pc=0x00000000032789b8 method=java.io.ObjectOutputStream$BlockDataOutputStream.drain()V @ 36
Event: 9.477 Thread 0x0000000019c9f000 Uncommon trap: reason=class_check action=maybe_recompile pc=0x00000000032789b8 method=java.io.ObjectOutputStream$BlockDataOutputStream.drain()V @ 36
Event: 9.478 Thread 0x0000000019c9f000 Uncommon trap: reason=class_check action=maybe_recompile pc=0x00000000032789b8 method=java.io.ObjectOutputStream$BlockDataOutputStream.drain()V @ 36
Event: 9.487 Thread 0x0000000019c9f000 Uncommon trap: reason=class_check action=maybe_recompile pc=0x00000000032789b8 method=java.io.ObjectOutputStream$BlockDataOutputStream.drain()V @ 36
Event: 11.082 Thread 0x0000000019c4b000 Uncommon trap: reason=unreached action=reinterpret pc=0x0000000003343984 method=org.netbeans.lib.profiler.server.ThreadInfo.getThreadInfoOrNull(Ljava/lang/Thread;)Lorg/netbeans/lib/profiler/server/ThreadInfo; @ 29
Event: 11.082 Thread 0x0000000019c4b000 Uncommon trap: reason=unreached action=reinterpret pc=0x000000000330265c method=org.netbeans.lib.profiler.server.ThreadInfo.getThreadInfoOrNull(Ljava/lang/Thread;)Lorg/netbeans/lib/profiler/server/ThreadInfo; @ 29
Event: 287.512 Thread 0x0000000019f72000 Uncommon trap: reason=unreached action=reinterpret pc=0x00000000030fe85c method=java.lang.ThreadLocal.get()Ljava/lang/Object; @ 11
Event: 293.513 Thread 0x0000000019c4a800 Uncommon trap: reason=unreached action=reinterpret pc=0x00000000031289fc method=org.netbeans.lib.profiler.server.Monitors$ThreadDataTable.getPosIndex(Ljava/lang/Thread;)I @ 29

Internal exceptions (10 events):
Event: 8.906 Thread 0x0000000017bea000 Exception <a 'java/security/PrivilegedActionException'> (0x00000000d6abbb78) thrown at [C:\workspace\8-2-build-windows-amd64-cygwin\jdk8u31\2394\hotspot\src\share\vm\prims\jvm.cpp, line 1312]
Event: 8.906 Thread 0x0000000017bea000 Exception <a 'java/security/PrivilegedActionException'> (0x00000000d6abcac0) thrown at [C:\workspace\8-2-build-windows-amd64-cygwin\jdk8u31\2394\hotspot\src\share\vm\prims\jvm.cpp, line 1312]
Event: 8.907 Thread 0x0000000017bea000 Exception <a 'java/security/PrivilegedActionException'> (0x00000000d6abf648) thrown at [C:\workspace\8-2-build-windows-amd64-cygwin\jdk8u31\2394\hotspot\src\share\vm\prims\jvm.cpp, line 1312]
Event: 8.910 Thread 0x0000000017bea000 Exception <a 'java/security/PrivilegedActionException'> (0x00000000d6acb8c0) thrown at [C:\workspace\8-2-build-windows-amd64-cygwin\jdk8u31\2394\hotspot\src\share\vm\prims\jvm.cpp, line 1312]
Event: 8.910 Thread 0x0000000017bea000 Exception <a 'java/security/PrivilegedActionException'> (0x00000000d6acc830) thrown at [C:\workspace\8-2-build-windows-amd64-cygwin\jdk8u31\2394\hotspot\src\share\vm\prims\jvm.cpp, line 1312]
Event: 8.911 Thread 0x0000000017bea000 Exception <a 'java/security/PrivilegedActionException'> (0x00000000d6acef08) thrown at [C:\workspace\8-2-build-windows-amd64-cygwin\jdk8u31\2394\hotspot\src\share\vm\prims\jvm.cpp, line 1312]
Event: 8.912 Thread 0x0000000017bea000 Exception <a 'java/security/PrivilegedActionException'> (0x00000000d6ad2638) thrown at [C:\workspace\8-2-build-windows-amd64-cygwin\jdk8u31\2394\hotspot\src\share\vm\prims\jvm.cpp, line 1312]
Event: 8.912 Thread 0x0000000017bea000 Exception <a 'java/security/PrivilegedActionException'> (0x00000000d6ad3620) thrown at [C:\workspace\8-2-build-windows-amd64-cygwin\jdk8u31\2394\hotspot\src\share\vm\prims\jvm.cpp, line 1312]
Event: 8.912 Thread 0x0000000017bea000 Exception <a 'java/security/PrivilegedActionException'> (0x00000000d6ad5d90) thrown at [C:\workspace\8-2-build-windows-amd64-cygwin\jdk8u31\2394\hotspot\src\share\vm\prims\jvm.cpp, line 1312]
Event: 287.512 Thread 0x0000000019f72000 Implicit null exception at 0x00000000030fe78c to 0x00000000030fe849

Events (10 events):
Event: 295.549 loading class sun/reflect/GeneratedSerializationConstructorAccessor1
Event: 295.549 loading class sun/reflect/GeneratedSerializationConstructorAccessor1 done
Event: 295.582 Executing VM operation: RedefineClasses
Event: 295.944 Executing VM operation: RedefineClasses done
Event: 295.957 Executing VM operation: RedefineClasses
Event: 296.300 Executing VM operation: RedefineClasses done
Event: 296.300 Thread 0x0000000002ed0800 DEOPT PACKING pc=0x0000000003516814 sp=0x0000000002ecf410
Event: 296.300 Thread 0x0000000002ed0800 DEOPT UNPACKING pc=0x00000000030171bf sp=0x0000000002ecf180 mode 0
Event: 296.300 Thread 0x0000000002ed0800 DEOPT PACKING pc=0x00000000035155b4 sp=0x0000000002ecf4b0
Event: 296.300 Thread 0x0000000002ed0800 DEOPT UNPACKING pc=0x00000000030171bf sp=0x0000000002ecf1c0 mode 0


Dynamic libraries:
0x00007ff600690000 - 0x00007ff6006c4000 	C:\ProgramData\Oracle\Java\javapath\java.exe
0x00007fffc34c0000 - 0x00007fffc3681000 	C:\WINDOWS\SYSTEM32\ntdll.dll
0x00007fffc0e90000 - 0x00007fffc0f3d000 	C:\WINDOWS\system32\KERNEL32.DLL
0x00007fffc07c0000 - 0x00007fffc099d000 	C:\WINDOWS\system32\KERNELBASE.dll
0x00007fffc0c30000 - 0x00007fffc0cd6000 	C:\WINDOWS\system32\ADVAPI32.dll
0x00007fffc1150000 - 0x00007fffc11ed000 	C:\WINDOWS\system32\msvcrt.dll
0x00007fffc1840000 - 0x00007fffc189b000 	C:\WINDOWS\system32\sechost.dll
0x00007fffc1900000 - 0x00007fffc1a26000 	C:\WINDOWS\system32\RPCRT4.dll
0x00007fffc0ff0000 - 0x00007fffc113e000 	C:\WINDOWS\system32\USER32.dll
0x00007fffc1a30000 - 0x00007fffc1bb6000 	C:\WINDOWS\system32\GDI32.dll
0x00007fffb1020000 - 0x00007fffb1294000 	C:\WINDOWS\WinSxS\amd64_microsoft.windows.common-controls_6595b64144ccf1df_6.0.10240.16384_none_f41f7b285750ef43\COMCTL32.dll
0x00007fffc18c0000 - 0x00007fffc18f6000 	C:\WINDOWS\system32\IMM32.DLL
0x00007fffc32d0000 - 0x00007fffc342c000 	C:\WINDOWS\system32\MSCTF.dll
0x0000000065c30000 - 0x0000000065d02000 	C:\Program Files\Java\jre1.8.0_31\bin\msvcr100.dll
0x0000000064160000 - 0x00000000649ba000 	C:\Program Files\Java\jre1.8.0_31\bin\server\jvm.dll
0x00007fffc1140000 - 0x00007fffc1148000 	C:\WINDOWS\system32\PSAPI.DLL
0x00007fffb7c00000 - 0x00007fffb7c09000 	C:\WINDOWS\SYSTEM32\WSOCK32.dll
0x00007fffc1770000 - 0x00007fffc17d9000 	C:\WINDOWS\system32\WS2_32.dll
0x00007fffc34b0000 - 0x00007fffc34b8000 	C:\WINDOWS\system32\NSI.dll
0x00007fffbe520000 - 0x00007fffbe543000 	C:\WINDOWS\SYSTEM32\WINMM.dll
0x00000000010c0000 - 0x00000000010ec000 	C:\WINDOWS\SYSTEM32\WINMMBASE.dll
0x00007fffbffd0000 - 0x00007fffc0014000 	C:\WINDOWS\system32\cfgmgr32.dll
0x00007fffbe7a0000 - 0x00007fffbe7c7000 	C:\WINDOWS\SYSTEM32\DEVOBJ.dll
0x0000000065c20000 - 0x0000000065c2f000 	C:\Program Files\Java\jre1.8.0_31\bin\verify.dll
0x0000000065bf0000 - 0x0000000065c18000 	C:\Program Files\Java\jre1.8.0_31\bin\java.dll
0x0000000065bd0000 - 0x0000000065be6000 	C:\Program Files\Java\jre1.8.0_31\bin\zip.dll
0x00007fffc1bc0000 - 0x00007fffc30e2000 	C:\WINDOWS\system32\SHELL32.dll
0x00007fffc0190000 - 0x00007fffc07b8000 	C:\WINDOWS\system32\windows.storage.dll
0x00007fffc1340000 - 0x00007fffc15bc000 	C:\WINDOWS\system32\combase.dll
0x00007fffc17e0000 - 0x00007fffc1831000 	C:\WINDOWS\system32\shlwapi.dll
0x00007fffbff60000 - 0x00007fffbff6f000 	C:\WINDOWS\system32\kernel.appcore.dll
0x00007fffc0020000 - 0x00007fffc00d3000 	C:\WINDOWS\system32\shcore.dll
0x00007fffbfef0000 - 0x00007fffbff3a000 	C:\WINDOWS\system32\powrprof.dll
0x00007fffbff40000 - 0x00007fffbff53000 	C:\WINDOWS\system32\profapi.dll
0x0000000065ba0000 - 0x0000000065bba000 	C:\Program Files\Java\jre1.8.0_31\bin\net.dll
0x00007fffbf740000 - 0x00007fffbf79d000 	C:\WINDOWS\system32\mswsock.dll
0x00007fffbf4e0000 - 0x00007fffbf588000 	C:\WINDOWS\SYSTEM32\DNSAPI.dll
0x0000000067390000 - 0x00000000673b6000 	C:\Program Files\Bonjour\mdnsNSP.dll
0x00007fffbc720000 - 0x00007fffbc758000 	C:\WINDOWS\SYSTEM32\Iphlpapi.DLL
0x00007fffbc680000 - 0x00007fffbc68b000 	C:\WINDOWS\SYSTEM32\WINNSI.DLL
0x00007fffbac80000 - 0x00007fffbac8a000 	C:\Windows\System32\rasadhlp.dll
0x00007fffbaac0000 - 0x00007fffbab28000 	C:\WINDOWS\System32\fwpuclnt.dll
0x00007fffbfe00000 - 0x00007fffbfe28000 	C:\WINDOWS\SYSTEM32\bcrypt.dll
0x0000000065b90000 - 0x0000000065b9d000 	C:\Program Files\Java\jre1.8.0_31\bin\management.dll
0x0000000065b70000 - 0x0000000065b81000 	C:\Program Files\Java\jre1.8.0_31\bin\nio.dll
0x00007fffbf7a0000 - 0x00007fffbf7b7000 	C:\WINDOWS\SYSTEM32\CRYPTSP.dll
0x00007fffbf3f0000 - 0x00007fffbf423000 	C:\WINDOWS\system32\rsaenh.dll
0x00007fffbf590000 - 0x00007fffbf5af000 	C:\WINDOWS\SYSTEM32\USERENV.dll
0x00007fffbfcf0000 - 0x00007fffbfd5b000 	C:\WINDOWS\system32\bcryptprimitives.dll
0x00007fffbf8f0000 - 0x00007fffbf8fb000 	C:\WINDOWS\SYSTEM32\CRYPTBASE.dll
0x00007fffbb4a0000 - 0x00007fffbb4b6000 	C:\WINDOWS\SYSTEM32\dhcpcsvc6.DLL
0x00007fffbb480000 - 0x00007fffbb49a000 	C:\WINDOWS\SYSTEM32\dhcpcsvc.DLL
0x00007fffbd750000 - 0x00007fffbd768000 	C:\WINDOWS\system32\NLAapi.dll
0x00007fffb2c80000 - 0x00007fffb2c95000 	C:\WINDOWS\system32\napinsp.dll
0x00007fffb3830000 - 0x00007fffb384a000 	C:\WINDOWS\system32\pnrpnsp.dll
0x00007fffb5220000 - 0x00007fffb522d000 	C:\WINDOWS\System32\winrnr.dll
0x0000000065b10000 - 0x0000000065b33000 	C:\Program Files\Java\jre1.8.0_31\bin\instrument.dll
0x00007fffbd340000 - 0x00007fffbd34f000 	C:\Users\Matthew\Desktop\visualvm_138\profiler\lib\deployed\jdk16\windows-amd64\profilerinterface.dll
0x00007fff99ec0000 - 0x00007fff9a04a000 	C:\WINDOWS\SYSTEM32\dbghelp.dll

VM Arguments:
java_command: com.laboon.JavaLife 10 10 10 500000
java_class_path (initial): .
Launcher Type: SUN_STANDARD

Environment Variables:
PATH=C:\Program Files (x86)\NVIDIA Corporation\PhysX\Common;C:\ProgramData\Oracle\Java\javapath;C:\Python34\;C:\Python34\Scripts;C:\Program Files\Common Files\Microsoft Shared\Windows Live;C:\WINDOWS\system32;C:\WINDOWS;C:\WINDOWS\System32\Wbem;C:\WINDOWS\System32\WindowsPowerShell\v1.0\;C:\Program Files (x86)\ATI Technologies\ATI.ACE\Core-Static;C:\Program Files\Java\jdk1.7.0_04\bin;c:\Program Files (x86)\Microsoft SQL Server\100\Tools\Binn\;c:\Program Files\Microsoft SQL Server\100\Tools\Binn\;c:\Program Files\Microsoft SQL Server\100\DTS\Binn\;C:\Program Files\Apache Software Foundation\apache-maven-3.2.3\bin;C:\Program Files\WIDCOMM\Bluetooth Software\;C:\Program Files\WIDCOMM\Bluetooth Software\syswow64;C:\Program Files\VisualSVN Server\bin;C:\Program Files (x86)\AMD\ATI.ACE\Core-Static;C:\Program Files\nodejs\;C:\Program Files (x86)\QuickTime\QTSystem\;C:\Program Files (x86)\Google\google_appengine\;C:\Program Files (x86)\GmoteServer\bin\vlc;C:\Users\Matthew\AppData\Roaming\npm
USERNAME=Matthew
OS=Windows_NT
PROCESSOR_IDENTIFIER=AMD64 Family 16 Model 5 Stepping 3, AuthenticAMD



---------------  S Y S T E M  ---------------

OS: Windows 8.1 , 64 bit Build 9600 

CPU:total 4 (4 cores per cpu, 1 threads per core) family 16 model 5 stepping 3, cmov, cx8, fxsr, mmx, sse, sse2, sse3, popcnt, mmxext, 3dnowpref, lzcnt, sse4a, tsc, tscinvbit, tscinv

Memory: 4k page, physical 8386740k(4709728k free), swap 16775348k(12322228k free)

vm_info: Java HotSpot(TM) 64-Bit Server VM (25.31-b07) for windows-amd64 JRE (1.8.0_31-b13), built on Dec 17 2014 21:00:28 by "java_re" with MS VC++ 10.0 (VS2010)

time: Thu Nov 19 14:16:18 2015
elapsed time: 296 seconds (0d 0h 4m 56s)

